Initializing logger
Registering providers
 Registering github.com/cosmos/cosmos-sdk/runtime.ProvideApp (/home/littlehatboy/go/pkg/mod/github.com/cosmos/cosmos-sdk@v0.50.13/runtime/module.go:84)
  Registering resolver for simple type codec.Codec
  Registering resolver for simple type *codec.LegacyAmino
  Registering resolver for simple type *runtime.AppBuilder
  Registering resolver for simple type *baseapp.MsgServiceRouter
  Registering resolver for simple type *baseapp.GRPCQueryRouter
  Registering resolver for one-per-module type appmodule.AppModule
  Found resolver for appmodule.AppModule: *depinject.onePerModuleResolver
  Registering resolver for simple type protodesc.Resolver
  Registering resolver for simple type protoregistry.MessageTypeResolver
 Registering resolver for many-per-container type signing.CustomGetSigner
 Registering github.com/cosmos/cosmos-sdk/runtime.ProvideInterfaceRegistry (/home/littlehatboy/go/pkg/mod/github.com/cosmos/cosmos-sdk@v0.50.13/runtime/module.go:164)
  Registering resolver for simple type types.InterfaceRegistry
 Registering module-scoped provider: github.com/cosmos/cosmos-sdk/runtime.ProvideKVStoreKey (/home/littlehatboy/go/pkg/mod/github.com/cosmos/cosmos-sdk@v0.50.13/runtime/module.go:201)
  Registering resolver for module-scoped type *types.KVStoreKey
 Registering module-scoped provider: github.com/cosmos/cosmos-sdk/runtime.ProvideTransientStoreKey (/home/littlehatboy/go/pkg/mod/github.com/cosmos/cosmos-sdk@v0.50.13/runtime/module.go:216)
  Registering resolver for module-scoped type *types.TransientStoreKey
 Registering module-scoped provider: github.com/cosmos/cosmos-sdk/runtime.ProvideMemoryStoreKey (/home/littlehatboy/go/pkg/mod/github.com/cosmos/cosmos-sdk@v0.50.13/runtime/module.go:222)
  Registering resolver for module-scoped type *types.MemoryStoreKey
 Registering github.com/cosmos/cosmos-sdk/runtime.ProvideGenesisTxHandler (/home/littlehatboy/go/pkg/mod/github.com/cosmos/cosmos-sdk@v0.50.13/runtime/module.go:229)
  Registering resolver for simple type genesis.TxHandler
 Registering module-scoped provider: github.com/cosmos/cosmos-sdk/runtime.ProvideKVStoreService (/home/littlehatboy/go/pkg/mod/github.com/cosmos/cosmos-sdk@v0.50.13/runtime/module.go:232)
  Registering resolver for module-scoped type store.KVStoreService
 Registering module-scoped provider: github.com/cosmos/cosmos-sdk/runtime.ProvideMemoryStoreService (/home/littlehatboy/go/pkg/mod/github.com/cosmos/cosmos-sdk@v0.50.13/runtime/module.go:237)
  Registering resolver for module-scoped type store.MemoryStoreService
 Registering module-scoped provider: github.com/cosmos/cosmos-sdk/runtime.ProvideTransientStoreService (/home/littlehatboy/go/pkg/mod/github.com/cosmos/cosmos-sdk@v0.50.13/runtime/module.go:242)
  Registering resolver for module-scoped type store.TransientStoreService
 Registering github.com/cosmos/cosmos-sdk/runtime.ProvideEventService (/home/littlehatboy/go/pkg/mod/github.com/cosmos/cosmos-sdk@v0.50.13/runtime/module.go:247)
  Registering resolver for simple type event.Service
 Registering github.com/cosmos/cosmos-sdk/runtime.ProvideHeaderInfoService (/home/littlehatboy/go/pkg/mod/github.com/cosmos/cosmos-sdk@v0.50.13/runtime/module.go:256)
  Registering resolver for simple type header.Service
 Registering github.com/cosmos/cosmos-sdk/runtime.ProvideCometInfoService (/home/littlehatboy/go/pkg/mod/github.com/cosmos/cosmos-sdk@v0.50.13/runtime/module.go:252)
  Registering resolver for simple type comet.BlockInfoService
 Registering github.com/cosmos/cosmos-sdk/runtime.ProvideBasicManager (/home/littlehatboy/go/pkg/mod/github.com/cosmos/cosmos-sdk@v0.50.13/runtime/module.go:260)
  Registering resolver for simple type module.BasicManager
 Registering github.com/cosmos/cosmos-sdk/runtime.ProvideAddressCodec (/home/littlehatboy/go/pkg/mod/github.com/cosmos/cosmos-sdk@v0.50.13/runtime/module.go:284)
  Registering resolver for simple type address.Codec
  Registering resolver for simple type runtime.ValidatorAddressCodec
  Registering resolver for simple type runtime.ConsensusAddressCodec
 Registering github.com/cosmos/cosmos-sdk/x/auth.ProvideModule (/home/littlehatboy/go/pkg/mod/github.com/cosmos/cosmos-sdk@v0.50.13/x/auth/module.go:209)
  Registering resolver for simple type keeper.AccountKeeper
  Found resolver for appmodule.AppModule: *depinject.onePerModuleResolver
 Implicitly registering resolver keeper.AccountKeeper for interface type nft.AccountKeeper
 Registering cosmossdk.io/x/nft/module.ProvideModule (/home/littlehatboy/go/pkg/mod/cosmossdk.io/x/nft@v0.1.0/module/module.go:183)
  Registering resolver for simple type keeper.Keeper
  Found resolver for appmodule.AppModule: *depinject.onePerModuleResolver
 Registering github.com/cosmos/cosmos-sdk/x/auth/vesting.ProvideModule (/home/littlehatboy/go/pkg/mod/github.com/cosmos/cosmos-sdk@v0.50.13/x/auth/vesting/module.go:140)
  Found resolver for appmodule.AppModule: *depinject.onePerModuleResolver
 Implicitly registering resolver keeper.AccountKeeper for interface type types.AccountKeeper
 Registering github.com/cosmos/cosmos-sdk/x/bank.ProvideModule (/home/littlehatboy/go/pkg/mod/github.com/cosmos/cosmos-sdk@v0.50.13/x/bank/module.go:227)
  Registering resolver for simple type keeper.BaseKeeper
  Found resolver for appmodule.AppModule: *depinject.onePerModuleResolver
 Implicitly registering resolver keeper.AccountKeeper for interface type types.AccountKeeper
 Implicitly registering resolver keeper.BaseKeeper for interface type types.BankKeeper
 Registering github.com/cosmos/cosmos-sdk/x/slashing.ProvideModule (/home/littlehatboy/go/pkg/mod/github.com/cosmos/cosmos-sdk@v0.50.13/x/slashing/module.go:230)
  Registering resolver for simple type keeper.Keeper
  Found resolver for appmodule.AppModule: *depinject.onePerModuleResolver
  Registering resolver for one-per-module type types.StakingHooksWrapper
  Found resolver for types.StakingHooksWrapper: *depinject.onePerModuleResolver
 Registering github.com/cosmos/cosmos-sdk/x/params.ProvideModule (/home/littlehatboy/go/pkg/mod/github.com/cosmos/cosmos-sdk@v0.50.13/x/params/module.go:129)
  Registering resolver for simple type keeper.Keeper
  Found resolver for appmodule.AppModule: *depinject.onePerModuleResolver
  Registering resolver for many-per-container type v1beta1.HandlerRoute
  Found resolver for v1beta1.HandlerRoute: *depinject.groupResolver
 Registering resolver for one-per-module type types.KeyTable
 Registering module-scoped provider: github.com/cosmos/cosmos-sdk/x/params.ProvideSubspace (/home/littlehatboy/go/pkg/mod/github.com/cosmos/cosmos-sdk@v0.50.13/x/params/module.go:146)
  Registering resolver for module-scoped type types.Subspace
 Implicitly registering resolver keeper.BaseKeeper for interface type types.BankKeeper
 Implicitly registering resolver keeper.BaseKeeper for interface type tx.BankKeeper
 Implicitly registering resolver keeper.AccountKeeper for interface type ante.AccountKeeper
 Registering github.com/cosmos/cosmos-sdk/x/auth/tx/config.ProvideModule (/home/littlehatboy/go/pkg/mod/github.com/cosmos/cosmos-sdk@v0.50.13/x/auth/tx/config/config.go:70)
  Registering resolver for simple type client.TxConfig
  Registering resolver for simple type tx.ConfigOptions
  Registering resolver for many-per-container type runtime.BaseAppOption
  Found resolver for runtime.BaseAppOption: *depinject.groupResolver
 Registering github.com/cosmos/cosmos-sdk/x/auth/tx/config.ProvideProtoRegistry (/home/littlehatboy/go/pkg/mod/github.com/cosmos/cosmos-sdk@v0.50.13/x/auth/tx/config/config.go:67)
  Registering resolver for simple type signing.ProtoFileResolver
 Implicitly registering resolver keeper.AccountKeeper for interface type types.AccountKeeper
 Registering github.com/cosmos/cosmos-sdk/x/genutil.ProvideModule (/home/littlehatboy/go/pkg/mod/github.com/cosmos/cosmos-sdk@v0.50.13/x/genutil/module.go:138)
  Found resolver for appmodule.AppModule: *depinject.onePerModuleResolver
 Implicitly registering resolver keeper.AccountKeeper for interface type authz.AccountKeeper
 Implicitly registering resolver keeper.BaseKeeper for interface type authz.BankKeeper
 Implicitly registering resolver *baseapp.MsgServiceRouter for interface type baseapp.MessageRouter
 Registering github.com/cosmos/cosmos-sdk/x/authz/module.ProvideModule (/home/littlehatboy/go/pkg/mod/github.com/cosmos/cosmos-sdk@v0.50.13/x/authz/module/module.go:178)
  Registering resolver for simple type keeper.Keeper
  Found resolver for appmodule.AppModule: *depinject.onePerModuleResolver
 Registering cosmossdk.io/x/upgrade.ProvideModule (/home/littlehatboy/go/pkg/mod/cosmossdk.io/x/upgrade@v0.1.4/module.go:196)
  Registering resolver for simple type *keeper.Keeper
  Found resolver for appmodule.AppModule: *depinject.onePerModuleResolver
  Found resolver for runtime.BaseAppOption: *depinject.groupResolver
 Implicitly registering resolver keeper.Keeper for interface type types.SlashingKeeper
 Registering cosmossdk.io/x/evidence.ProvideModule (/home/littlehatboy/go/pkg/mod/cosmossdk.io/x/evidence@v0.1.1/module.go:210)
  Registering resolver for simple type keeper.Keeper
  Found resolver for appmodule.AppModule: *depinject.onePerModuleResolver
 Implicitly registering resolver keeper.AccountKeeper for interface type group.AccountKeeper
 Implicitly registering resolver keeper.BaseKeeper for interface type group.BankKeeper
 Registering github.com/cosmos/cosmos-sdk/x/group/module.ProvideModule (/home/littlehatboy/go/pkg/mod/github.com/cosmos/cosmos-sdk@v0.50.13/x/group/module/module.go:208)
  Registering resolver for simple type keeper.Keeper
  Found resolver for appmodule.AppModule: *depinject.onePerModuleResolver
 Implicitly registering resolver keeper.AccountKeeper for interface type feegrant.AccountKeeper
 Implicitly registering resolver keeper.BaseKeeper for interface type feegrant.BankKeeper
 Registering cosmossdk.io/x/feegrant/module.ProvideModule (/home/littlehatboy/go/pkg/mod/cosmossdk.io/x/feegrant@v0.1.1/module/module.go:184)
  Registering resolver for simple type keeper.Keeper
  Found resolver for appmodule.AppModule: *depinject.onePerModuleResolver
 Implicitly registering resolver keeper.BaseKeeper for interface type types.SupplyKeeper
 Implicitly registering resolver types.Subspace for interface type exported.Subspace
 Registering github.com/cosmos/cosmos-sdk/x/crisis.ProvideModule (/home/littlehatboy/go/pkg/mod/github.com/cosmos/cosmos-sdk@v0.50.13/x/crisis/module.go:197)
  Found resolver for appmodule.AppModule: *depinject.onePerModuleResolver
  Registering resolver for simple type *keeper.Keeper
 Registering github.com/cosmos/cosmos-sdk/x/consensus.ProvideModule (/home/littlehatboy/go/pkg/mod/github.com/cosmos/cosmos-sdk@v0.50.13/x/consensus/module.go:117)
  Registering resolver for simple type keeper.Keeper
  Found resolver for appmodule.AppModule: *depinject.onePerModuleResolver
  Found resolver for runtime.BaseAppOption: *depinject.groupResolver
 Registering cosmossdk.io/x/circuit.ProvideModule (/home/littlehatboy/go/pkg/mod/cosmossdk.io/x/circuit@v0.1.1/module.go:150)
  Registering resolver for simple type keeper.Keeper
  Found resolver for appmodule.AppModule: *depinject.onePerModuleResolver
  Found resolver for runtime.BaseAppOption: *depinject.groupResolver
 Implicitly registering resolver keeper.AccountKeeper for interface type types.AccountKeeper
 Implicitly registering resolver keeper.BaseKeeper for interface type types.BankKeeper
 Registering github.com/node101-io/pulsar/cosmos/x/minakeys/module.ProvideModule (/home/littlehatboy/go-workspace/pulsar/cosmos/x/minakeys/module/module.go:371)
  Registering resolver for simple type keeper.Keeper
  Found resolver for appmodule.AppModule: *depinject.onePerModuleResolver
 Registering github.com/node101-io/pulsar/cosmos/x/minakeys/module.ProvideSecondaryKey (/home/littlehatboy/go-workspace/pulsar/cosmos/x/minakeys/module/module.go:244)
  Registering resolver for simple type *types.SecondaryKey
 Registering github.com/node101-io/pulsar/cosmos/cmd/pulsard/cmd.ProvideClientContext (/home/littlehatboy/go-workspace/pulsar/cosmos/cmd/pulsard/cmd/root.go:124)
  Registering resolver for simple type client.Context
 Registering github.com/node101-io/pulsar/cosmos/cmd/pulsard/cmd.ProvideStakingKeeper (/home/littlehatboy/go-workspace/pulsar/cosmos/cmd/pulsard/cmd/root.go:160)
  Registering resolver for simple type keeper.Keeper
Registering outputs
 Registering github.com/node101-io/pulsar/cosmos/cmd/pulsard/cmd.NewRootCmd (/home/littlehatboy/go-workspace/pulsar/cosmos/cmd/pulsard/cmd/root.go:37)
Building container
Resolving dependencies for github.com/node101-io/pulsar/cosmos/cmd/pulsard/cmd.NewRootCmd (/home/littlehatboy/go-workspace/pulsar/cosmos/cmd/pulsard/cmd/root.go:37)
 Providing one-per-module type map map[string]appmodule.AppModule to github.com/node101-io/pulsar/cosmos/cmd/pulsard/cmd.NewRootCmd from:
  nft: cosmossdk.io/x/nft/module.ProvideModule (/home/littlehatboy/go/pkg/mod/cosmossdk.io/x/nft@v0.1.0/module/module.go:183)
  genutil: github.com/cosmos/cosmos-sdk/x/genutil.ProvideModule (/home/littlehatboy/go/pkg/mod/github.com/cosmos/cosmos-sdk@v0.50.13/x/genutil/module.go:138)
  authz: github.com/cosmos/cosmos-sdk/x/authz/module.ProvideModule (/home/littlehatboy/go/pkg/mod/github.com/cosmos/cosmos-sdk@v0.50.13/x/authz/module/module.go:178)
  evidence: cosmossdk.io/x/evidence.ProvideModule (/home/littlehatboy/go/pkg/mod/cosmossdk.io/x/evidence@v0.1.1/module.go:210)
  circuit: cosmossdk.io/x/circuit.ProvideModule (/home/littlehatboy/go/pkg/mod/cosmossdk.io/x/circuit@v0.1.1/module.go:150)
  runtime: github.com/cosmos/cosmos-sdk/runtime.ProvideApp (/home/littlehatboy/go/pkg/mod/github.com/cosmos/cosmos-sdk@v0.50.13/runtime/module.go:84)
  auth: github.com/cosmos/cosmos-sdk/x/auth.ProvideModule (/home/littlehatboy/go/pkg/mod/github.com/cosmos/cosmos-sdk@v0.50.13/x/auth/module.go:209)
  bank: github.com/cosmos/cosmos-sdk/x/bank.ProvideModule (/home/littlehatboy/go/pkg/mod/github.com/cosmos/cosmos-sdk@v0.50.13/x/bank/module.go:227)
  slashing: github.com/cosmos/cosmos-sdk/x/slashing.ProvideModule (/home/littlehatboy/go/pkg/mod/github.com/cosmos/cosmos-sdk@v0.50.13/x/slashing/module.go:230)
  feegrant: cosmossdk.io/x/feegrant/module.ProvideModule (/home/littlehatboy/go/pkg/mod/cosmossdk.io/x/feegrant@v0.1.1/module/module.go:184)
  params: github.com/cosmos/cosmos-sdk/x/params.ProvideModule (/home/littlehatboy/go/pkg/mod/github.com/cosmos/cosmos-sdk@v0.50.13/x/params/module.go:129)
  group: github.com/cosmos/cosmos-sdk/x/group/module.ProvideModule (/home/littlehatboy/go/pkg/mod/github.com/cosmos/cosmos-sdk@v0.50.13/x/group/module/module.go:208)
  crisis: github.com/cosmos/cosmos-sdk/x/crisis.ProvideModule (/home/littlehatboy/go/pkg/mod/github.com/cosmos/cosmos-sdk@v0.50.13/x/crisis/module.go:197)
  consensus: github.com/cosmos/cosmos-sdk/x/consensus.ProvideModule (/home/littlehatboy/go/pkg/mod/github.com/cosmos/cosmos-sdk@v0.50.13/x/consensus/module.go:117)
  vesting: github.com/cosmos/cosmos-sdk/x/auth/vesting.ProvideModule (/home/littlehatboy/go/pkg/mod/github.com/cosmos/cosmos-sdk@v0.50.13/x/auth/vesting/module.go:140)
  upgrade: cosmossdk.io/x/upgrade.ProvideModule (/home/littlehatboy/go/pkg/mod/cosmossdk.io/x/upgrade@v0.1.4/module.go:196)
  minakeys: github.com/node101-io/pulsar/cosmos/x/minakeys/module.ProvideModule (/home/littlehatboy/go-workspace/pulsar/cosmos/x/minakeys/module/module.go:371)
 Resolving dependencies for github.com/cosmos/cosmos-sdk/x/authz/module.ProvideModule (/home/littlehatboy/go/pkg/mod/github.com/cosmos/cosmos-sdk@v0.50.13/x/authz/module/module.go:178)
  Providing codec.Codec from github.com/cosmos/cosmos-sdk/runtime.ProvideApp (/home/littlehatboy/go/pkg/mod/github.com/cosmos/cosmos-sdk@v0.50.13/runtime/module.go:84) to github.com/cosmos/cosmos-sdk/x/authz/module.ProvideModule
  Resolving dependencies for github.com/cosmos/cosmos-sdk/runtime.ProvideApp (/home/littlehatboy/go/pkg/mod/github.com/cosmos/cosmos-sdk@v0.50.13/runtime/module.go:84)
   Providing types.InterfaceRegistry from github.com/cosmos/cosmos-sdk/runtime.ProvideInterfaceRegistry (/home/littlehatboy/go/pkg/mod/github.com/cosmos/cosmos-sdk@v0.50.13/runtime/module.go:164) to github.com/cosmos/cosmos-sdk/runtime.ProvideApp
   Resolving dependencies for github.com/cosmos/cosmos-sdk/runtime.ProvideInterfaceRegistry (/home/littlehatboy/go/pkg/mod/github.com/cosmos/cosmos-sdk@v0.50.13/runtime/module.go:164)
    Providing address.Codec from github.com/cosmos/cosmos-sdk/runtime.ProvideAddressCodec (/home/littlehatboy/go/pkg/mod/github.com/cosmos/cosmos-sdk@v0.50.13/runtime/module.go:284) to github.com/cosmos/cosmos-sdk/runtime.ProvideInterfaceRegistry
    Resolving dependencies for github.com/cosmos/cosmos-sdk/runtime.ProvideAddressCodec (/home/littlehatboy/go/pkg/mod/github.com/cosmos/cosmos-sdk@v0.50.13/runtime/module.go:284)
     Supplying *modulev1.Module from cosmossdk.io/depinject/appconfig.Compose (/home/littlehatboy/go/pkg/mod/cosmossdk.io/depinject@v1.1.0/appconfig/config.go:145) to github.com/cosmos/cosmos-sdk/runtime.ProvideAddressCodec
     Providing zero value for optional dependency *modulev1.Module
     Providing zero value for optional dependency func() address.Codec
     Providing zero value for optional dependency func() runtime.ValidatorAddressCodec
     Providing zero value for optional dependency func() runtime.ConsensusAddressCodec
    Calling github.com/cosmos/cosmos-sdk/runtime.ProvideAddressCodec (/home/littlehatboy/go/pkg/mod/github.com/cosmos/cosmos-sdk@v0.50.13/runtime/module.go:284)
    Providing runtime.ValidatorAddressCodec from github.com/cosmos/cosmos-sdk/runtime.ProvideAddressCodec (/home/littlehatboy/go/pkg/mod/github.com/cosmos/cosmos-sdk@v0.50.13/runtime/module.go:284) to github.com/cosmos/cosmos-sdk/runtime.ProvideInterfaceRegistry
    Providing many-per-container type slice []signing.CustomGetSigner to github.com/cosmos/cosmos-sdk/runtime.ProvideInterfaceRegistry from:
   Calling github.com/cosmos/cosmos-sdk/runtime.ProvideInterfaceRegistry (/home/littlehatboy/go/pkg/mod/github.com/cosmos/cosmos-sdk@v0.50.13/runtime/module.go:164)
  Calling github.com/cosmos/cosmos-sdk/runtime.ProvideApp (/home/littlehatboy/go/pkg/mod/github.com/cosmos/cosmos-sdk@v0.50.13/runtime/module.go:84)
  Providing keeper.AccountKeeper from github.com/cosmos/cosmos-sdk/x/auth.ProvideModule (/home/littlehatboy/go/pkg/mod/github.com/cosmos/cosmos-sdk@v0.50.13/x/auth/module.go:209) to github.com/cosmos/cosmos-sdk/x/authz/module.ProvideModule
  Resolving dependencies for github.com/cosmos/cosmos-sdk/x/auth.ProvideModule (/home/littlehatboy/go/pkg/mod/github.com/cosmos/cosmos-sdk@v0.50.13/x/auth/module.go:209)
   Supplying *modulev1.Module from cosmossdk.io/depinject/appconfig.Compose (/home/littlehatboy/go/pkg/mod/cosmossdk.io/depinject@v1.1.0/appconfig/config.go:145) to github.com/cosmos/cosmos-sdk/x/auth.ProvideModule
   Providing store.KVStoreService from github.com/cosmos/cosmos-sdk/runtime.ProvideKVStoreService (/home/littlehatboy/go/pkg/mod/github.com/cosmos/cosmos-sdk@v0.50.13/runtime/module.go:232) to github.com/cosmos/cosmos-sdk/x/auth.ProvideModule
   Resolving dependencies for github.com/cosmos/cosmos-sdk/runtime.ProvideKVStoreService (/home/littlehatboy/go/pkg/mod/github.com/cosmos/cosmos-sdk@v0.50.13/runtime/module.go:232)
    Supplying *runtimev1alpha1.Module from cosmossdk.io/depinject/appconfig.Compose (/home/littlehatboy/go/pkg/mod/cosmossdk.io/depinject@v1.1.0/appconfig/config.go:145) to github.com/cosmos/cosmos-sdk/runtime.ProvideKVStoreService
    Providing ModuleKey auth
    Providing *runtime.AppBuilder from github.com/cosmos/cosmos-sdk/runtime.ProvideApp (/home/littlehatboy/go/pkg/mod/github.com/cosmos/cosmos-sdk@v0.50.13/runtime/module.go:84) to github.com/cosmos/cosmos-sdk/runtime.ProvideKVStoreService
   Calling github.com/cosmos/cosmos-sdk/runtime.ProvideKVStoreService (/home/littlehatboy/go/pkg/mod/github.com/cosmos/cosmos-sdk@v0.50.13/runtime/module.go:232)
   Providing codec.Codec from github.com/cosmos/cosmos-sdk/runtime.ProvideApp (/home/littlehatboy/go/pkg/mod/github.com/cosmos/cosmos-sdk@v0.50.13/runtime/module.go:84) to github.com/cosmos/cosmos-sdk/x/auth.ProvideModule
   Providing address.Codec from github.com/cosmos/cosmos-sdk/runtime.ProvideAddressCodec (/home/littlehatboy/go/pkg/mod/github.com/cosmos/cosmos-sdk@v0.50.13/runtime/module.go:284) to github.com/cosmos/cosmos-sdk/x/auth.ProvideModule
   Providing zero value for optional dependency types.RandomGenesisAccountsFn
   Providing zero value for optional dependency func() types.AccountI
   Implicitly registering resolver types.Subspace for interface type exported.Subspace
   Providing types.Subspace from github.com/cosmos/cosmos-sdk/x/params.ProvideSubspace (/home/littlehatboy/go/pkg/mod/github.com/cosmos/cosmos-sdk@v0.50.13/x/params/module.go:146) to github.com/cosmos/cosmos-sdk/x/auth.ProvideModule
   Resolving dependencies for github.com/cosmos/cosmos-sdk/x/params.ProvideSubspace (/home/littlehatboy/go/pkg/mod/github.com/cosmos/cosmos-sdk@v0.50.13/x/params/module.go:146)
    Providing ModuleKey auth
    Providing keeper.Keeper from github.com/cosmos/cosmos-sdk/x/params.ProvideModule (/home/littlehatboy/go/pkg/mod/github.com/cosmos/cosmos-sdk@v0.50.13/x/params/module.go:129) to github.com/cosmos/cosmos-sdk/x/params.ProvideSubspace
    Resolving dependencies for github.com/cosmos/cosmos-sdk/x/params.ProvideModule (/home/littlehatboy/go/pkg/mod/github.com/cosmos/cosmos-sdk@v0.50.13/x/params/module.go:129)
     Providing *types.KVStoreKey from github.com/cosmos/cosmos-sdk/runtime.ProvideKVStoreKey (/home/littlehatboy/go/pkg/mod/github.com/cosmos/cosmos-sdk@v0.50.13/runtime/module.go:201) to github.com/cosmos/cosmos-sdk/x/params.ProvideModule
     Resolving dependencies for github.com/cosmos/cosmos-sdk/runtime.ProvideKVStoreKey (/home/littlehatboy/go/pkg/mod/github.com/cosmos/cosmos-sdk@v0.50.13/runtime/module.go:201)
      Supplying *runtimev1alpha1.Module from cosmossdk.io/depinject/appconfig.Compose (/home/littlehatboy/go/pkg/mod/cosmossdk.io/depinject@v1.1.0/appconfig/config.go:145) to github.com/cosmos/cosmos-sdk/runtime.ProvideKVStoreKey
      Providing ModuleKey params
      Providing *runtime.AppBuilder from github.com/cosmos/cosmos-sdk/runtime.ProvideApp (/home/littlehatboy/go/pkg/mod/github.com/cosmos/cosmos-sdk@v0.50.13/runtime/module.go:84) to github.com/cosmos/cosmos-sdk/runtime.ProvideKVStoreKey
     Calling github.com/cosmos/cosmos-sdk/runtime.ProvideKVStoreKey (/home/littlehatboy/go/pkg/mod/github.com/cosmos/cosmos-sdk@v0.50.13/runtime/module.go:201)
     Providing *types.TransientStoreKey from github.com/cosmos/cosmos-sdk/runtime.ProvideTransientStoreKey (/home/littlehatboy/go/pkg/mod/github.com/cosmos/cosmos-sdk@v0.50.13/runtime/module.go:216) to github.com/cosmos/cosmos-sdk/x/params.ProvideModule
     Resolving dependencies for github.com/cosmos/cosmos-sdk/runtime.ProvideTransientStoreKey (/home/littlehatboy/go/pkg/mod/github.com/cosmos/cosmos-sdk@v0.50.13/runtime/module.go:216)
      Providing ModuleKey params
      Providing *runtime.AppBuilder from github.com/cosmos/cosmos-sdk/runtime.ProvideApp (/home/littlehatboy/go/pkg/mod/github.com/cosmos/cosmos-sdk@v0.50.13/runtime/module.go:84) to github.com/cosmos/cosmos-sdk/runtime.ProvideTransientStoreKey
     Calling github.com/cosmos/cosmos-sdk/runtime.ProvideTransientStoreKey (/home/littlehatboy/go/pkg/mod/github.com/cosmos/cosmos-sdk@v0.50.13/runtime/module.go:216)
     Providing codec.Codec from github.com/cosmos/cosmos-sdk/runtime.ProvideApp (/home/littlehatboy/go/pkg/mod/github.com/cosmos/cosmos-sdk@v0.50.13/runtime/module.go:84) to github.com/cosmos/cosmos-sdk/x/params.ProvideModule
     Providing *codec.LegacyAmino from github.com/cosmos/cosmos-sdk/runtime.ProvideApp (/home/littlehatboy/go/pkg/mod/github.com/cosmos/cosmos-sdk@v0.50.13/runtime/module.go:84) to github.com/cosmos/cosmos-sdk/x/params.ProvideModule
    Calling github.com/cosmos/cosmos-sdk/x/params.ProvideModule (/home/littlehatboy/go/pkg/mod/github.com/cosmos/cosmos-sdk@v0.50.13/x/params/module.go:129)
    Providing one-per-module type map map[string]types.KeyTable to github.com/cosmos/cosmos-sdk/x/params.ProvideSubspace from:
   Calling github.com/cosmos/cosmos-sdk/x/params.ProvideSubspace (/home/littlehatboy/go/pkg/mod/github.com/cosmos/cosmos-sdk@v0.50.13/x/params/module.go:146)
  Calling github.com/cosmos/cosmos-sdk/x/auth.ProvideModule (/home/littlehatboy/go/pkg/mod/github.com/cosmos/cosmos-sdk@v0.50.13/x/auth/module.go:209)
  Providing keeper.BaseKeeper from github.com/cosmos/cosmos-sdk/x/bank.ProvideModule (/home/littlehatboy/go/pkg/mod/github.com/cosmos/cosmos-sdk@v0.50.13/x/bank/module.go:227) to github.com/cosmos/cosmos-sdk/x/authz/module.ProvideModule
  Resolving dependencies for github.com/cosmos/cosmos-sdk/x/bank.ProvideModule (/home/littlehatboy/go/pkg/mod/github.com/cosmos/cosmos-sdk@v0.50.13/x/bank/module.go:227)
   Supplying *modulev1.Module from cosmossdk.io/depinject/appconfig.Compose (/home/littlehatboy/go/pkg/mod/cosmossdk.io/depinject@v1.1.0/appconfig/config.go:145) to github.com/cosmos/cosmos-sdk/x/bank.ProvideModule
   Providing codec.Codec from github.com/cosmos/cosmos-sdk/runtime.ProvideApp (/home/littlehatboy/go/pkg/mod/github.com/cosmos/cosmos-sdk@v0.50.13/runtime/module.go:84) to github.com/cosmos/cosmos-sdk/x/bank.ProvideModule
   Providing store.KVStoreService from github.com/cosmos/cosmos-sdk/runtime.ProvideKVStoreService (/home/littlehatboy/go/pkg/mod/github.com/cosmos/cosmos-sdk@v0.50.13/runtime/module.go:232) to github.com/cosmos/cosmos-sdk/x/bank.ProvideModule
   Resolving dependencies for github.com/cosmos/cosmos-sdk/runtime.ProvideKVStoreService (/home/littlehatboy/go/pkg/mod/github.com/cosmos/cosmos-sdk@v0.50.13/runtime/module.go:232)
    Supplying *runtimev1alpha1.Module from cosmossdk.io/depinject/appconfig.Compose (/home/littlehatboy/go/pkg/mod/cosmossdk.io/depinject@v1.1.0/appconfig/config.go:145) to github.com/cosmos/cosmos-sdk/runtime.ProvideKVStoreService
    Providing ModuleKey bank
    Providing *runtime.AppBuilder from github.com/cosmos/cosmos-sdk/runtime.ProvideApp (/home/littlehatboy/go/pkg/mod/github.com/cosmos/cosmos-sdk@v0.50.13/runtime/module.go:84) to github.com/cosmos/cosmos-sdk/runtime.ProvideKVStoreService
   Calling github.com/cosmos/cosmos-sdk/runtime.ProvideKVStoreService (/home/littlehatboy/go/pkg/mod/github.com/cosmos/cosmos-sdk@v0.50.13/runtime/module.go:232)
   Implicitly registering resolver log.nopLogger for interface type log.Logger
   Supplying log.nopLogger from github.com/node101-io/pulsar/cosmos/cmd/pulsard/cmd.NewRootCmd (/home/littlehatboy/go-workspace/pulsar/cosmos/cmd/pulsard/cmd/root.go:39) to github.com/cosmos/cosmos-sdk/x/bank.ProvideModule
   Providing keeper.AccountKeeper from github.com/cosmos/cosmos-sdk/x/auth.ProvideModule (/home/littlehatboy/go/pkg/mod/github.com/cosmos/cosmos-sdk@v0.50.13/x/auth/module.go:209) to github.com/cosmos/cosmos-sdk/x/bank.ProvideModule
   Implicitly registering resolver types.Subspace for interface type exported.Subspace
   Providing types.Subspace from github.com/cosmos/cosmos-sdk/x/params.ProvideSubspace (/home/littlehatboy/go/pkg/mod/github.com/cosmos/cosmos-sdk@v0.50.13/x/params/module.go:146) to github.com/cosmos/cosmos-sdk/x/bank.ProvideModule
   Resolving dependencies for github.com/cosmos/cosmos-sdk/x/params.ProvideSubspace (/home/littlehatboy/go/pkg/mod/github.com/cosmos/cosmos-sdk@v0.50.13/x/params/module.go:146)
    Providing ModuleKey bank
    Providing keeper.Keeper from github.com/cosmos/cosmos-sdk/x/params.ProvideModule (/home/littlehatboy/go/pkg/mod/github.com/cosmos/cosmos-sdk@v0.50.13/x/params/module.go:129) to github.com/cosmos/cosmos-sdk/x/params.ProvideSubspace
    Providing one-per-module type map map[string]types.KeyTable to github.com/cosmos/cosmos-sdk/x/params.ProvideSubspace from:
   Calling github.com/cosmos/cosmos-sdk/x/params.ProvideSubspace (/home/littlehatboy/go/pkg/mod/github.com/cosmos/cosmos-sdk@v0.50.13/x/params/module.go:146)
  Calling github.com/cosmos/cosmos-sdk/x/bank.ProvideModule (/home/littlehatboy/go/pkg/mod/github.com/cosmos/cosmos-sdk@v0.50.13/x/bank/module.go:227)
  Providing types.InterfaceRegistry from github.com/cosmos/cosmos-sdk/runtime.ProvideInterfaceRegistry (/home/littlehatboy/go/pkg/mod/github.com/cosmos/cosmos-sdk@v0.50.13/runtime/module.go:164) to github.com/cosmos/cosmos-sdk/x/authz/module.ProvideModule
  Providing *baseapp.MsgServiceRouter from github.com/cosmos/cosmos-sdk/runtime.ProvideApp (/home/littlehatboy/go/pkg/mod/github.com/cosmos/cosmos-sdk@v0.50.13/runtime/module.go:84) to github.com/cosmos/cosmos-sdk/x/authz/module.ProvideModule
  Providing store.KVStoreService from github.com/cosmos/cosmos-sdk/runtime.ProvideKVStoreService (/home/littlehatboy/go/pkg/mod/github.com/cosmos/cosmos-sdk@v0.50.13/runtime/module.go:232) to github.com/cosmos/cosmos-sdk/x/authz/module.ProvideModule
  Resolving dependencies for github.com/cosmos/cosmos-sdk/runtime.ProvideKVStoreService (/home/littlehatboy/go/pkg/mod/github.com/cosmos/cosmos-sdk@v0.50.13/runtime/module.go:232)
   Supplying *runtimev1alpha1.Module from cosmossdk.io/depinject/appconfig.Compose (/home/littlehatboy/go/pkg/mod/cosmossdk.io/depinject@v1.1.0/appconfig/config.go:145) to github.com/cosmos/cosmos-sdk/runtime.ProvideKVStoreService
   Providing ModuleKey authz
   Providing *runtime.AppBuilder from github.com/cosmos/cosmos-sdk/runtime.ProvideApp (/home/littlehatboy/go/pkg/mod/github.com/cosmos/cosmos-sdk@v0.50.13/runtime/module.go:84) to github.com/cosmos/cosmos-sdk/runtime.ProvideKVStoreService
  Calling github.com/cosmos/cosmos-sdk/runtime.ProvideKVStoreService (/home/littlehatboy/go/pkg/mod/github.com/cosmos/cosmos-sdk@v0.50.13/runtime/module.go:232)
 Calling github.com/cosmos/cosmos-sdk/x/authz/module.ProvideModule (/home/littlehatboy/go/pkg/mod/github.com/cosmos/cosmos-sdk@v0.50.13/x/authz/module/module.go:178)
 Resolving dependencies for cosmossdk.io/x/evidence.ProvideModule (/home/littlehatboy/go/pkg/mod/cosmossdk.io/x/evidence@v0.1.1/module.go:210)
  Providing store.KVStoreService from github.com/cosmos/cosmos-sdk/runtime.ProvideKVStoreService (/home/littlehatboy/go/pkg/mod/github.com/cosmos/cosmos-sdk@v0.50.13/runtime/module.go:232) to cosmossdk.io/x/evidence.ProvideModule
  Resolving dependencies for github.com/cosmos/cosmos-sdk/runtime.ProvideKVStoreService (/home/littlehatboy/go/pkg/mod/github.com/cosmos/cosmos-sdk@v0.50.13/runtime/module.go:232)
   Supplying *runtimev1alpha1.Module from cosmossdk.io/depinject/appconfig.Compose (/home/littlehatboy/go/pkg/mod/cosmossdk.io/depinject@v1.1.0/appconfig/config.go:145) to github.com/cosmos/cosmos-sdk/runtime.ProvideKVStoreService
   Providing ModuleKey evidence
   Providing *runtime.AppBuilder from github.com/cosmos/cosmos-sdk/runtime.ProvideApp (/home/littlehatboy/go/pkg/mod/github.com/cosmos/cosmos-sdk@v0.50.13/runtime/module.go:84) to github.com/cosmos/cosmos-sdk/runtime.ProvideKVStoreService
  Calling github.com/cosmos/cosmos-sdk/runtime.ProvideKVStoreService (/home/littlehatboy/go/pkg/mod/github.com/cosmos/cosmos-sdk@v0.50.13/runtime/module.go:232)
  Providing codec.Codec from github.com/cosmos/cosmos-sdk/runtime.ProvideApp (/home/littlehatboy/go/pkg/mod/github.com/cosmos/cosmos-sdk@v0.50.13/runtime/module.go:84) to cosmossdk.io/x/evidence.ProvideModule
  Implicitly registering resolver keeper.Keeper for interface type types.StakingKeeper
  Providing keeper.Keeper from github.com/node101-io/pulsar/cosmos/cmd/pulsard/cmd.ProvideStakingKeeper (/home/littlehatboy/go-workspace/pulsar/cosmos/cmd/pulsard/cmd/root.go:160) to cosmossdk.io/x/evidence.ProvideModule
  Resolving dependencies for github.com/node101-io/pulsar/cosmos/cmd/pulsard/cmd.ProvideStakingKeeper (/home/littlehatboy/go-workspace/pulsar/cosmos/cmd/pulsard/cmd/root.go:160)
  Calling github.com/node101-io/pulsar/cosmos/cmd/pulsard/cmd.ProvideStakingKeeper (/home/littlehatboy/go-workspace/pulsar/cosmos/cmd/pulsard/cmd/root.go:160)
  Providing keeper.Keeper from github.com/cosmos/cosmos-sdk/x/slashing.ProvideModule (/home/littlehatboy/go/pkg/mod/github.com/cosmos/cosmos-sdk@v0.50.13/x/slashing/module.go:230) to cosmossdk.io/x/evidence.ProvideModule
  Resolving dependencies for github.com/cosmos/cosmos-sdk/x/slashing.ProvideModule (/home/littlehatboy/go/pkg/mod/github.com/cosmos/cosmos-sdk@v0.50.13/x/slashing/module.go:230)
   Supplying *modulev1.Module from cosmossdk.io/depinject/appconfig.Compose (/home/littlehatboy/go/pkg/mod/cosmossdk.io/depinject@v1.1.0/appconfig/config.go:145) to github.com/cosmos/cosmos-sdk/x/slashing.ProvideModule
   Providing store.KVStoreService from github.com/cosmos/cosmos-sdk/runtime.ProvideKVStoreService (/home/littlehatboy/go/pkg/mod/github.com/cosmos/cosmos-sdk@v0.50.13/runtime/module.go:232) to github.com/cosmos/cosmos-sdk/x/slashing.ProvideModule
   Resolving dependencies for github.com/cosmos/cosmos-sdk/runtime.ProvideKVStoreService (/home/littlehatboy/go/pkg/mod/github.com/cosmos/cosmos-sdk@v0.50.13/runtime/module.go:232)
    Supplying *runtimev1alpha1.Module from cosmossdk.io/depinject/appconfig.Compose (/home/littlehatboy/go/pkg/mod/cosmossdk.io/depinject@v1.1.0/appconfig/config.go:145) to github.com/cosmos/cosmos-sdk/runtime.ProvideKVStoreService
    Providing ModuleKey slashing
    Providing *runtime.AppBuilder from github.com/cosmos/cosmos-sdk/runtime.ProvideApp (/home/littlehatboy/go/pkg/mod/github.com/cosmos/cosmos-sdk@v0.50.13/runtime/module.go:84) to github.com/cosmos/cosmos-sdk/runtime.ProvideKVStoreService
   Calling github.com/cosmos/cosmos-sdk/runtime.ProvideKVStoreService (/home/littlehatboy/go/pkg/mod/github.com/cosmos/cosmos-sdk@v0.50.13/runtime/module.go:232)
   Providing codec.Codec from github.com/cosmos/cosmos-sdk/runtime.ProvideApp (/home/littlehatboy/go/pkg/mod/github.com/cosmos/cosmos-sdk@v0.50.13/runtime/module.go:84) to github.com/cosmos/cosmos-sdk/x/slashing.ProvideModule
   Providing *codec.LegacyAmino from github.com/cosmos/cosmos-sdk/runtime.ProvideApp (/home/littlehatboy/go/pkg/mod/github.com/cosmos/cosmos-sdk@v0.50.13/runtime/module.go:84) to github.com/cosmos/cosmos-sdk/x/slashing.ProvideModule
   Providing types.InterfaceRegistry from github.com/cosmos/cosmos-sdk/runtime.ProvideInterfaceRegistry (/home/littlehatboy/go/pkg/mod/github.com/cosmos/cosmos-sdk@v0.50.13/runtime/module.go:164) to github.com/cosmos/cosmos-sdk/x/slashing.ProvideModule
   Providing keeper.AccountKeeper from github.com/cosmos/cosmos-sdk/x/auth.ProvideModule (/home/littlehatboy/go/pkg/mod/github.com/cosmos/cosmos-sdk@v0.50.13/x/auth/module.go:209) to github.com/cosmos/cosmos-sdk/x/slashing.ProvideModule
   Providing keeper.BaseKeeper from github.com/cosmos/cosmos-sdk/x/bank.ProvideModule (/home/littlehatboy/go/pkg/mod/github.com/cosmos/cosmos-sdk@v0.50.13/x/bank/module.go:227) to github.com/cosmos/cosmos-sdk/x/slashing.ProvideModule
   Implicitly registering resolver keeper.Keeper for interface type types.StakingKeeper
   Providing keeper.Keeper from github.com/node101-io/pulsar/cosmos/cmd/pulsard/cmd.ProvideStakingKeeper (/home/littlehatboy/go-workspace/pulsar/cosmos/cmd/pulsard/cmd/root.go:160) to github.com/cosmos/cosmos-sdk/x/slashing.ProvideModule
   Implicitly registering resolver types.Subspace for interface type exported.Subspace
   Providing types.Subspace from github.com/cosmos/cosmos-sdk/x/params.ProvideSubspace (/home/littlehatboy/go/pkg/mod/github.com/cosmos/cosmos-sdk@v0.50.13/x/params/module.go:146) to github.com/cosmos/cosmos-sdk/x/slashing.ProvideModule
   Resolving dependencies for github.com/cosmos/cosmos-sdk/x/params.ProvideSubspace (/home/littlehatboy/go/pkg/mod/github.com/cosmos/cosmos-sdk@v0.50.13/x/params/module.go:146)
    Providing ModuleKey slashing
    Providing keeper.Keeper from github.com/cosmos/cosmos-sdk/x/params.ProvideModule (/home/littlehatboy/go/pkg/mod/github.com/cosmos/cosmos-sdk@v0.50.13/x/params/module.go:129) to github.com/cosmos/cosmos-sdk/x/params.ProvideSubspace
    Providing one-per-module type map map[string]types.KeyTable to github.com/cosmos/cosmos-sdk/x/params.ProvideSubspace from:
   Calling github.com/cosmos/cosmos-sdk/x/params.ProvideSubspace (/home/littlehatboy/go/pkg/mod/github.com/cosmos/cosmos-sdk@v0.50.13/x/params/module.go:146)
  Calling github.com/cosmos/cosmos-sdk/x/slashing.ProvideModule (/home/littlehatboy/go/pkg/mod/github.com/cosmos/cosmos-sdk@v0.50.13/x/slashing/module.go:230)
  Providing address.Codec from github.com/cosmos/cosmos-sdk/runtime.ProvideAddressCodec (/home/littlehatboy/go/pkg/mod/github.com/cosmos/cosmos-sdk@v0.50.13/runtime/module.go:284) to cosmossdk.io/x/evidence.ProvideModule
  Providing comet.BlockInfoService from github.com/cosmos/cosmos-sdk/runtime.ProvideCometInfoService (/home/littlehatboy/go/pkg/mod/github.com/cosmos/cosmos-sdk@v0.50.13/runtime/module.go:252) to cosmossdk.io/x/evidence.ProvideModule
  Resolving dependencies for github.com/cosmos/cosmos-sdk/runtime.ProvideCometInfoService (/home/littlehatboy/go/pkg/mod/github.com/cosmos/cosmos-sdk@v0.50.13/runtime/module.go:252)
  Calling github.com/cosmos/cosmos-sdk/runtime.ProvideCometInfoService (/home/littlehatboy/go/pkg/mod/github.com/cosmos/cosmos-sdk@v0.50.13/runtime/module.go:252)
 Calling cosmossdk.io/x/evidence.ProvideModule (/home/littlehatboy/go/pkg/mod/cosmossdk.io/x/evidence@v0.1.1/module.go:210)
 Resolving dependencies for cosmossdk.io/x/circuit.ProvideModule (/home/littlehatboy/go/pkg/mod/cosmossdk.io/x/circuit@v0.1.1/module.go:150)
  Supplying *modulev1.Module from cosmossdk.io/depinject/appconfig.Compose (/home/littlehatboy/go/pkg/mod/cosmossdk.io/depinject@v1.1.0/appconfig/config.go:145) to cosmossdk.io/x/circuit.ProvideModule
  Providing codec.Codec from github.com/cosmos/cosmos-sdk/runtime.ProvideApp (/home/littlehatboy/go/pkg/mod/github.com/cosmos/cosmos-sdk@v0.50.13/runtime/module.go:84) to cosmossdk.io/x/circuit.ProvideModule
  Providing store.KVStoreService from github.com/cosmos/cosmos-sdk/runtime.ProvideKVStoreService (/home/littlehatboy/go/pkg/mod/github.com/cosmos/cosmos-sdk@v0.50.13/runtime/module.go:232) to cosmossdk.io/x/circuit.ProvideModule
  Resolving dependencies for github.com/cosmos/cosmos-sdk/runtime.ProvideKVStoreService (/home/littlehatboy/go/pkg/mod/github.com/cosmos/cosmos-sdk@v0.50.13/runtime/module.go:232)
   Supplying *runtimev1alpha1.Module from cosmossdk.io/depinject/appconfig.Compose (/home/littlehatboy/go/pkg/mod/cosmossdk.io/depinject@v1.1.0/appconfig/config.go:145) to github.com/cosmos/cosmos-sdk/runtime.ProvideKVStoreService
   Providing ModuleKey circuit
   Providing *runtime.AppBuilder from github.com/cosmos/cosmos-sdk/runtime.ProvideApp (/home/littlehatboy/go/pkg/mod/github.com/cosmos/cosmos-sdk@v0.50.13/runtime/module.go:84) to github.com/cosmos/cosmos-sdk/runtime.ProvideKVStoreService
  Calling github.com/cosmos/cosmos-sdk/runtime.ProvideKVStoreService (/home/littlehatboy/go/pkg/mod/github.com/cosmos/cosmos-sdk@v0.50.13/runtime/module.go:232)
  Providing address.Codec from github.com/cosmos/cosmos-sdk/runtime.ProvideAddressCodec (/home/littlehatboy/go/pkg/mod/github.com/cosmos/cosmos-sdk@v0.50.13/runtime/module.go:284) to cosmossdk.io/x/circuit.ProvideModule
 Calling cosmossdk.io/x/circuit.ProvideModule (/home/littlehatboy/go/pkg/mod/cosmossdk.io/x/circuit@v0.1.1/module.go:150)
 Resolving dependencies for cosmossdk.io/x/feegrant/module.ProvideModule (/home/littlehatboy/go/pkg/mod/cosmossdk.io/x/feegrant@v0.1.1/module/module.go:184)
  Providing store.KVStoreService from github.com/cosmos/cosmos-sdk/runtime.ProvideKVStoreService (/home/littlehatboy/go/pkg/mod/github.com/cosmos/cosmos-sdk@v0.50.13/runtime/module.go:232) to cosmossdk.io/x/feegrant/module.ProvideModule
  Resolving dependencies for github.com/cosmos/cosmos-sdk/runtime.ProvideKVStoreService (/home/littlehatboy/go/pkg/mod/github.com/cosmos/cosmos-sdk@v0.50.13/runtime/module.go:232)
   Supplying *runtimev1alpha1.Module from cosmossdk.io/depinject/appconfig.Compose (/home/littlehatboy/go/pkg/mod/cosmossdk.io/depinject@v1.1.0/appconfig/config.go:145) to github.com/cosmos/cosmos-sdk/runtime.ProvideKVStoreService
   Providing ModuleKey feegrant
   Providing *runtime.AppBuilder from github.com/cosmos/cosmos-sdk/runtime.ProvideApp (/home/littlehatboy/go/pkg/mod/github.com/cosmos/cosmos-sdk@v0.50.13/runtime/module.go:84) to github.com/cosmos/cosmos-sdk/runtime.ProvideKVStoreService
  Calling github.com/cosmos/cosmos-sdk/runtime.ProvideKVStoreService (/home/littlehatboy/go/pkg/mod/github.com/cosmos/cosmos-sdk@v0.50.13/runtime/module.go:232)
  Providing codec.Codec from github.com/cosmos/cosmos-sdk/runtime.ProvideApp (/home/littlehatboy/go/pkg/mod/github.com/cosmos/cosmos-sdk@v0.50.13/runtime/module.go:84) to cosmossdk.io/x/feegrant/module.ProvideModule
  Providing keeper.AccountKeeper from github.com/cosmos/cosmos-sdk/x/auth.ProvideModule (/home/littlehatboy/go/pkg/mod/github.com/cosmos/cosmos-sdk@v0.50.13/x/auth/module.go:209) to cosmossdk.io/x/feegrant/module.ProvideModule
  Providing keeper.BaseKeeper from github.com/cosmos/cosmos-sdk/x/bank.ProvideModule (/home/littlehatboy/go/pkg/mod/github.com/cosmos/cosmos-sdk@v0.50.13/x/bank/module.go:227) to cosmossdk.io/x/feegrant/module.ProvideModule
  Providing types.InterfaceRegistry from github.com/cosmos/cosmos-sdk/runtime.ProvideInterfaceRegistry (/home/littlehatboy/go/pkg/mod/github.com/cosmos/cosmos-sdk@v0.50.13/runtime/module.go:164) to cosmossdk.io/x/feegrant/module.ProvideModule
 Calling cosmossdk.io/x/feegrant/module.ProvideModule (/home/littlehatboy/go/pkg/mod/cosmossdk.io/x/feegrant@v0.1.1/module/module.go:184)
 Resolving dependencies for github.com/cosmos/cosmos-sdk/x/group/module.ProvideModule (/home/littlehatboy/go/pkg/mod/github.com/cosmos/cosmos-sdk@v0.50.13/x/group/module/module.go:208)
  Supplying *modulev1.Module from cosmossdk.io/depinject/appconfig.Compose (/home/littlehatboy/go/pkg/mod/cosmossdk.io/depinject@v1.1.0/appconfig/config.go:145) to github.com/cosmos/cosmos-sdk/x/group/module.ProvideModule
  Providing *types.KVStoreKey from github.com/cosmos/cosmos-sdk/runtime.ProvideKVStoreKey (/home/littlehatboy/go/pkg/mod/github.com/cosmos/cosmos-sdk@v0.50.13/runtime/module.go:201) to github.com/cosmos/cosmos-sdk/x/group/module.ProvideModule
  Resolving dependencies for github.com/cosmos/cosmos-sdk/runtime.ProvideKVStoreKey (/home/littlehatboy/go/pkg/mod/github.com/cosmos/cosmos-sdk@v0.50.13/runtime/module.go:201)
   Supplying *runtimev1alpha1.Module from cosmossdk.io/depinject/appconfig.Compose (/home/littlehatboy/go/pkg/mod/cosmossdk.io/depinject@v1.1.0/appconfig/config.go:145) to github.com/cosmos/cosmos-sdk/runtime.ProvideKVStoreKey
   Providing ModuleKey group
   Providing *runtime.AppBuilder from github.com/cosmos/cosmos-sdk/runtime.ProvideApp (/home/littlehatboy/go/pkg/mod/github.com/cosmos/cosmos-sdk@v0.50.13/runtime/module.go:84) to github.com/cosmos/cosmos-sdk/runtime.ProvideKVStoreKey
  Calling github.com/cosmos/cosmos-sdk/runtime.ProvideKVStoreKey (/home/littlehatboy/go/pkg/mod/github.com/cosmos/cosmos-sdk@v0.50.13/runtime/module.go:201)
  Providing codec.Codec from github.com/cosmos/cosmos-sdk/runtime.ProvideApp (/home/littlehatboy/go/pkg/mod/github.com/cosmos/cosmos-sdk@v0.50.13/runtime/module.go:84) to github.com/cosmos/cosmos-sdk/x/group/module.ProvideModule
  Providing keeper.AccountKeeper from github.com/cosmos/cosmos-sdk/x/auth.ProvideModule (/home/littlehatboy/go/pkg/mod/github.com/cosmos/cosmos-sdk@v0.50.13/x/auth/module.go:209) to github.com/cosmos/cosmos-sdk/x/group/module.ProvideModule
  Providing keeper.BaseKeeper from github.com/cosmos/cosmos-sdk/x/bank.ProvideModule (/home/littlehatboy/go/pkg/mod/github.com/cosmos/cosmos-sdk@v0.50.13/x/bank/module.go:227) to github.com/cosmos/cosmos-sdk/x/group/module.ProvideModule
  Providing types.InterfaceRegistry from github.com/cosmos/cosmos-sdk/runtime.ProvideInterfaceRegistry (/home/littlehatboy/go/pkg/mod/github.com/cosmos/cosmos-sdk@v0.50.13/runtime/module.go:164) to github.com/cosmos/cosmos-sdk/x/group/module.ProvideModule
  Providing *baseapp.MsgServiceRouter from github.com/cosmos/cosmos-sdk/runtime.ProvideApp (/home/littlehatboy/go/pkg/mod/github.com/cosmos/cosmos-sdk@v0.50.13/runtime/module.go:84) to github.com/cosmos/cosmos-sdk/x/group/module.ProvideModule
 Calling github.com/cosmos/cosmos-sdk/x/group/module.ProvideModule (/home/littlehatboy/go/pkg/mod/github.com/cosmos/cosmos-sdk@v0.50.13/x/group/module/module.go:208)
 Resolving dependencies for github.com/cosmos/cosmos-sdk/x/crisis.ProvideModule (/home/littlehatboy/go/pkg/mod/github.com/cosmos/cosmos-sdk@v0.50.13/x/crisis/module.go:197)
  Supplying *modulev1.Module from cosmossdk.io/depinject/appconfig.Compose (/home/littlehatboy/go/pkg/mod/cosmossdk.io/depinject@v1.1.0/appconfig/config.go:145) to github.com/cosmos/cosmos-sdk/x/crisis.ProvideModule
  Providing store.KVStoreService from github.com/cosmos/cosmos-sdk/runtime.ProvideKVStoreService (/home/littlehatboy/go/pkg/mod/github.com/cosmos/cosmos-sdk@v0.50.13/runtime/module.go:232) to github.com/cosmos/cosmos-sdk/x/crisis.ProvideModule
  Resolving dependencies for github.com/cosmos/cosmos-sdk/runtime.ProvideKVStoreService (/home/littlehatboy/go/pkg/mod/github.com/cosmos/cosmos-sdk@v0.50.13/runtime/module.go:232)
   Supplying *runtimev1alpha1.Module from cosmossdk.io/depinject/appconfig.Compose (/home/littlehatboy/go/pkg/mod/cosmossdk.io/depinject@v1.1.0/appconfig/config.go:145) to github.com/cosmos/cosmos-sdk/runtime.ProvideKVStoreService
   Providing ModuleKey crisis
   Providing *runtime.AppBuilder from github.com/cosmos/cosmos-sdk/runtime.ProvideApp (/home/littlehatboy/go/pkg/mod/github.com/cosmos/cosmos-sdk@v0.50.13/runtime/module.go:84) to github.com/cosmos/cosmos-sdk/runtime.ProvideKVStoreService
  Calling github.com/cosmos/cosmos-sdk/runtime.ProvideKVStoreService (/home/littlehatboy/go/pkg/mod/github.com/cosmos/cosmos-sdk@v0.50.13/runtime/module.go:232)
  Providing codec.Codec from github.com/cosmos/cosmos-sdk/runtime.ProvideApp (/home/littlehatboy/go/pkg/mod/github.com/cosmos/cosmos-sdk@v0.50.13/runtime/module.go:84) to github.com/cosmos/cosmos-sdk/x/crisis.ProvideModule
  Providing zero value for optional dependency types.AppOptions
  Providing keeper.BaseKeeper from github.com/cosmos/cosmos-sdk/x/bank.ProvideModule (/home/littlehatboy/go/pkg/mod/github.com/cosmos/cosmos-sdk@v0.50.13/x/bank/module.go:227) to github.com/cosmos/cosmos-sdk/x/crisis.ProvideModule
  Providing address.Codec from github.com/cosmos/cosmos-sdk/runtime.ProvideAddressCodec (/home/littlehatboy/go/pkg/mod/github.com/cosmos/cosmos-sdk@v0.50.13/runtime/module.go:284) to github.com/cosmos/cosmos-sdk/x/crisis.ProvideModule
  Providing types.Subspace from github.com/cosmos/cosmos-sdk/x/params.ProvideSubspace (/home/littlehatboy/go/pkg/mod/github.com/cosmos/cosmos-sdk@v0.50.13/x/params/module.go:146) to github.com/cosmos/cosmos-sdk/x/crisis.ProvideModule
  Resolving dependencies for github.com/cosmos/cosmos-sdk/x/params.ProvideSubspace (/home/littlehatboy/go/pkg/mod/github.com/cosmos/cosmos-sdk@v0.50.13/x/params/module.go:146)
   Providing ModuleKey crisis
   Providing keeper.Keeper from github.com/cosmos/cosmos-sdk/x/params.ProvideModule (/home/littlehatboy/go/pkg/mod/github.com/cosmos/cosmos-sdk@v0.50.13/x/params/module.go:129) to github.com/cosmos/cosmos-sdk/x/params.ProvideSubspace
   Providing one-per-module type map map[string]types.KeyTable to github.com/cosmos/cosmos-sdk/x/params.ProvideSubspace from:
  Calling github.com/cosmos/cosmos-sdk/x/params.ProvideSubspace (/home/littlehatboy/go/pkg/mod/github.com/cosmos/cosmos-sdk@v0.50.13/x/params/module.go:146)
 Calling github.com/cosmos/cosmos-sdk/x/crisis.ProvideModule (/home/littlehatboy/go/pkg/mod/github.com/cosmos/cosmos-sdk@v0.50.13/x/crisis/module.go:197)
 Resolving dependencies for github.com/cosmos/cosmos-sdk/x/consensus.ProvideModule (/home/littlehatboy/go/pkg/mod/github.com/cosmos/cosmos-sdk@v0.50.13/x/consensus/module.go:117)
  Supplying *modulev1.Module from cosmossdk.io/depinject/appconfig.Compose (/home/littlehatboy/go/pkg/mod/cosmossdk.io/depinject@v1.1.0/appconfig/config.go:145) to github.com/cosmos/cosmos-sdk/x/consensus.ProvideModule
  Providing codec.Codec from github.com/cosmos/cosmos-sdk/runtime.ProvideApp (/home/littlehatboy/go/pkg/mod/github.com/cosmos/cosmos-sdk@v0.50.13/runtime/module.go:84) to github.com/cosmos/cosmos-sdk/x/consensus.ProvideModule
  Providing store.KVStoreService from github.com/cosmos/cosmos-sdk/runtime.ProvideKVStoreService (/home/littlehatboy/go/pkg/mod/github.com/cosmos/cosmos-sdk@v0.50.13/runtime/module.go:232) to github.com/cosmos/cosmos-sdk/x/consensus.ProvideModule
  Resolving dependencies for github.com/cosmos/cosmos-sdk/runtime.ProvideKVStoreService (/home/littlehatboy/go/pkg/mod/github.com/cosmos/cosmos-sdk@v0.50.13/runtime/module.go:232)
   Supplying *runtimev1alpha1.Module from cosmossdk.io/depinject/appconfig.Compose (/home/littlehatboy/go/pkg/mod/cosmossdk.io/depinject@v1.1.0/appconfig/config.go:145) to github.com/cosmos/cosmos-sdk/runtime.ProvideKVStoreService
   Providing ModuleKey consensus
   Providing *runtime.AppBuilder from github.com/cosmos/cosmos-sdk/runtime.ProvideApp (/home/littlehatboy/go/pkg/mod/github.com/cosmos/cosmos-sdk@v0.50.13/runtime/module.go:84) to github.com/cosmos/cosmos-sdk/runtime.ProvideKVStoreService
  Calling github.com/cosmos/cosmos-sdk/runtime.ProvideKVStoreService (/home/littlehatboy/go/pkg/mod/github.com/cosmos/cosmos-sdk@v0.50.13/runtime/module.go:232)
  Providing event.Service from github.com/cosmos/cosmos-sdk/runtime.ProvideEventService (/home/littlehatboy/go/pkg/mod/github.com/cosmos/cosmos-sdk@v0.50.13/runtime/module.go:247) to github.com/cosmos/cosmos-sdk/x/consensus.ProvideModule
  Resolving dependencies for github.com/cosmos/cosmos-sdk/runtime.ProvideEventService (/home/littlehatboy/go/pkg/mod/github.com/cosmos/cosmos-sdk@v0.50.13/runtime/module.go:247)
  Calling github.com/cosmos/cosmos-sdk/runtime.ProvideEventService (/home/littlehatboy/go/pkg/mod/github.com/cosmos/cosmos-sdk@v0.50.13/runtime/module.go:247)
 Calling github.com/cosmos/cosmos-sdk/x/consensus.ProvideModule (/home/littlehatboy/go/pkg/mod/github.com/cosmos/cosmos-sdk@v0.50.13/x/consensus/module.go:117)
 Resolving dependencies for github.com/cosmos/cosmos-sdk/x/auth/vesting.ProvideModule (/home/littlehatboy/go/pkg/mod/github.com/cosmos/cosmos-sdk@v0.50.13/x/auth/vesting/module.go:140)
  Providing keeper.AccountKeeper from github.com/cosmos/cosmos-sdk/x/auth.ProvideModule (/home/littlehatboy/go/pkg/mod/github.com/cosmos/cosmos-sdk@v0.50.13/x/auth/module.go:209) to github.com/cosmos/cosmos-sdk/x/auth/vesting.ProvideModule
  Implicitly registering resolver keeper.BaseKeeper for interface type types.BankKeeper
  Providing keeper.BaseKeeper from github.com/cosmos/cosmos-sdk/x/bank.ProvideModule (/home/littlehatboy/go/pkg/mod/github.com/cosmos/cosmos-sdk@v0.50.13/x/bank/module.go:227) to github.com/cosmos/cosmos-sdk/x/auth/vesting.ProvideModule
 Calling github.com/cosmos/cosmos-sdk/x/auth/vesting.ProvideModule (/home/littlehatboy/go/pkg/mod/github.com/cosmos/cosmos-sdk@v0.50.13/x/auth/vesting/module.go:140)
 Resolving dependencies for cosmossdk.io/x/upgrade.ProvideModule (/home/littlehatboy/go/pkg/mod/cosmossdk.io/x/upgrade@v0.1.4/module.go:196)
  Supplying *modulev1.Module from cosmossdk.io/depinject/appconfig.Compose (/home/littlehatboy/go/pkg/mod/cosmossdk.io/depinject@v1.1.0/appconfig/config.go:145) to cosmossdk.io/x/upgrade.ProvideModule
  Providing store.KVStoreService from github.com/cosmos/cosmos-sdk/runtime.ProvideKVStoreService (/home/littlehatboy/go/pkg/mod/github.com/cosmos/cosmos-sdk@v0.50.13/runtime/module.go:232) to cosmossdk.io/x/upgrade.ProvideModule
  Resolving dependencies for github.com/cosmos/cosmos-sdk/runtime.ProvideKVStoreService (/home/littlehatboy/go/pkg/mod/github.com/cosmos/cosmos-sdk@v0.50.13/runtime/module.go:232)
   Supplying *runtimev1alpha1.Module from cosmossdk.io/depinject/appconfig.Compose (/home/littlehatboy/go/pkg/mod/cosmossdk.io/depinject@v1.1.0/appconfig/config.go:145) to github.com/cosmos/cosmos-sdk/runtime.ProvideKVStoreService
   Providing ModuleKey upgrade
   Providing *runtime.AppBuilder from github.com/cosmos/cosmos-sdk/runtime.ProvideApp (/home/littlehatboy/go/pkg/mod/github.com/cosmos/cosmos-sdk@v0.50.13/runtime/module.go:84) to github.com/cosmos/cosmos-sdk/runtime.ProvideKVStoreService
  Calling github.com/cosmos/cosmos-sdk/runtime.ProvideKVStoreService (/home/littlehatboy/go/pkg/mod/github.com/cosmos/cosmos-sdk@v0.50.13/runtime/module.go:232)
  Providing codec.Codec from github.com/cosmos/cosmos-sdk/runtime.ProvideApp (/home/littlehatboy/go/pkg/mod/github.com/cosmos/cosmos-sdk@v0.50.13/runtime/module.go:84) to cosmossdk.io/x/upgrade.ProvideModule
  Providing address.Codec from github.com/cosmos/cosmos-sdk/runtime.ProvideAddressCodec (/home/littlehatboy/go/pkg/mod/github.com/cosmos/cosmos-sdk@v0.50.13/runtime/module.go:284) to cosmossdk.io/x/upgrade.ProvideModule
  Providing zero value for optional dependency types.AppOptions
  Providing zero value for optional dependency *viper.Viper
 Calling cosmossdk.io/x/upgrade.ProvideModule (/home/littlehatboy/go/pkg/mod/cosmossdk.io/x/upgrade@v0.1.4/module.go:196)
 Resolving dependencies for github.com/node101-io/pulsar/cosmos/x/minakeys/module.ProvideModule (/home/littlehatboy/go-workspace/pulsar/cosmos/x/minakeys/module/module.go:371)
  Providing store.KVStoreService from github.com/cosmos/cosmos-sdk/runtime.ProvideKVStoreService (/home/littlehatboy/go/pkg/mod/github.com/cosmos/cosmos-sdk@v0.50.13/runtime/module.go:232) to github.com/node101-io/pulsar/cosmos/x/minakeys/module.ProvideModule
  Resolving dependencies for github.com/cosmos/cosmos-sdk/runtime.ProvideKVStoreService (/home/littlehatboy/go/pkg/mod/github.com/cosmos/cosmos-sdk@v0.50.13/runtime/module.go:232)
   Supplying *runtimev1alpha1.Module from cosmossdk.io/depinject/appconfig.Compose (/home/littlehatboy/go/pkg/mod/cosmossdk.io/depinject@v1.1.0/appconfig/config.go:145) to github.com/cosmos/cosmos-sdk/runtime.ProvideKVStoreService
   Providing ModuleKey minakeys
   Providing *runtime.AppBuilder from github.com/cosmos/cosmos-sdk/runtime.ProvideApp (/home/littlehatboy/go/pkg/mod/github.com/cosmos/cosmos-sdk@v0.50.13/runtime/module.go:84) to github.com/cosmos/cosmos-sdk/runtime.ProvideKVStoreService
  Calling github.com/cosmos/cosmos-sdk/runtime.ProvideKVStoreService (/home/littlehatboy/go/pkg/mod/github.com/cosmos/cosmos-sdk@v0.50.13/runtime/module.go:232)
  Providing codec.Codec from github.com/cosmos/cosmos-sdk/runtime.ProvideApp (/home/littlehatboy/go/pkg/mod/github.com/cosmos/cosmos-sdk@v0.50.13/runtime/module.go:84) to github.com/node101-io/pulsar/cosmos/x/minakeys/module.ProvideModule
  Supplying *module.Module from cosmossdk.io/depinject/appconfig.Compose (/home/littlehatboy/go/pkg/mod/cosmossdk.io/depinject@v1.1.0/appconfig/config.go:145) to github.com/node101-io/pulsar/cosmos/x/minakeys/module.ProvideModule
  Supplying log.nopLogger from github.com/node101-io/pulsar/cosmos/cmd/pulsard/cmd.NewRootCmd (/home/littlehatboy/go-workspace/pulsar/cosmos/cmd/pulsard/cmd/root.go:39) to github.com/node101-io/pulsar/cosmos/x/minakeys/module.ProvideModule
  Providing keeper.AccountKeeper from github.com/cosmos/cosmos-sdk/x/auth.ProvideModule (/home/littlehatboy/go/pkg/mod/github.com/cosmos/cosmos-sdk@v0.50.13/x/auth/module.go:209) to github.com/node101-io/pulsar/cosmos/x/minakeys/module.ProvideModule
  Providing keeper.BaseKeeper from github.com/cosmos/cosmos-sdk/x/bank.ProvideModule (/home/littlehatboy/go/pkg/mod/github.com/cosmos/cosmos-sdk@v0.50.13/x/bank/module.go:227) to github.com/node101-io/pulsar/cosmos/x/minakeys/module.ProvideModule
  Providing *types.SecondaryKey from github.com/node101-io/pulsar/cosmos/x/minakeys/module.ProvideSecondaryKey (/home/littlehatboy/go-workspace/pulsar/cosmos/x/minakeys/module/module.go:244) to github.com/node101-io/pulsar/cosmos/x/minakeys/module.ProvideModule
  Resolving dependencies for github.com/node101-io/pulsar/cosmos/x/minakeys/module.ProvideSecondaryKey (/home/littlehatboy/go-workspace/pulsar/cosmos/x/minakeys/module/module.go:244)
   Supplying *module.Module from cosmossdk.io/depinject/appconfig.Compose (/home/littlehatboy/go/pkg/mod/cosmossdk.io/depinject@v1.1.0/appconfig/config.go:145) to github.com/node101-io/pulsar/cosmos/x/minakeys/module.ProvideSecondaryKey
   Supplying log.nopLogger from github.com/node101-io/pulsar/cosmos/cmd/pulsard/cmd.NewRootCmd (/home/littlehatboy/go-workspace/pulsar/cosmos/cmd/pulsard/cmd/root.go:39) to github.com/node101-io/pulsar/cosmos/x/minakeys/module.ProvideSecondaryKey
   Providing zero value for optional dependency types.AppOptions
  Calling github.com/node101-io/pulsar/cosmos/x/minakeys/module.ProvideSecondaryKey (/home/littlehatboy/go-workspace/pulsar/cosmos/x/minakeys/module/module.go:244)
  Error: error calling provider github.com/node101-io/pulsar/cosmos/x/minakeys/module.ProvideSecondaryKey (/home/littlehatboy/go-workspace/pulsar/cosmos/x/minakeys/module/module.go:244): no secondary key configuration provided: check app.toml [minakeys] section, module config, or /home/littlehatboy/.secondary_key.toml
  Saved graph of container to /home/littlehatboy/go-workspace/pulsar/debug_container.dot
